Vivado Simulator 2019.1
Copyright 1986-1999, 2001-2019 Xilinx, Inc. All Rights Reserved.
Running: /home/margo/Xilinx/Vivado/2019.1/bin/unwrapped/lnx64.o/xelab -wto 14ccaad188b44019bdbd8e0faafd6646 --incr --debug typical --relax --mt 8 -L xil_defaultlib -L secureip --snapshot main_func_synth xil_defaultlib.main -log elaborate.log 
Using 8 slave threads.
Starting static elaboration
Completed static elaboration
Starting simulation data flow analysis
Completed simulation data flow analysis
Time Resolution for simulation is 1ps
Compiling package std.standard
Compiling package std.textio
Compiling package ieee.std_logic_1164
Compiling package ieee.numeric_std
Compiling package unisim.vcomponents
Compiling package ieee.vital_timing
Compiling package ieee.vital_primitives
Compiling package unisim.vpkg
Compiling architecture lut4_v of entity unisim.LUT4 [\LUT4(init="1101011011111011")(0...]
Compiling architecture lut4_v of entity unisim.LUT4 [\LUT4(init="0100100101111111")(0...]
Compiling architecture lut4_v of entity unisim.LUT4 [\LUT4(init="0111111101100111")(0...]
Compiling architecture lut4_v of entity unisim.LUT4 [\LUT4(init="0011111011111011")(0...]
Compiling architecture lut4_v of entity unisim.LUT4 [\LUT4(init="1010100011100111")(0...]
Compiling architecture lut4_v of entity unisim.LUT4 [\LUT4(init="1010111001101111")(0...]
Compiling architecture lut4_v of entity unisim.LUT4 [\LUT4(init="1011111111011010")(0...]
Compiling architecture lut2_v of entity unisim.LUT2 [\LUT2(init="1110")(0,3)\]
Compiling architecture structure of entity xil_defaultlib.segmentDisplay [segmentdisplay_default]
Compiling architecture lut1_v of entity unisim.LUT1 [\LUT1(init="0001")(0,3)\]
Compiling architecture lut2_v of entity unisim.LUT2 [\LUT2(init="0001")(0,3)\]
Compiling architecture lut2_v of entity unisim.LUT2 [\LUT2(init="1000")(0,3)\]
Compiling architecture structure of entity xil_defaultlib.mux [mux_default]
Compiling architecture lut5_v of entity unisim.LUT5 [\LUT5(init="00000000000000000000...]
Compiling architecture lut4_v of entity unisim.LUT4 [\LUT4(init="1111111111111110")(0...]
Compiling architecture lut6_v of entity unisim.LUT6 [\LUT6(init="11111111111111111111...]
Compiling architecture fdre_v of entity unisim.FDRE [fdre_default]
Compiling architecture carry4_v of entity unisim.CARRY4 [carry4_default]
Compiling architecture lut2_v of entity unisim.LUT2 [\LUT2(init="0010")(0,3)\]
Compiling architecture lut6_v of entity unisim.LUT6 [\LUT6(init="11001100111111111010...]
Compiling architecture lut6_v of entity unisim.LUT6 [\LUT6(init="11101110111000100010...]
Compiling architecture lut6_v of entity unisim.LUT6 [\LUT6(init="11010101010101000111...]
Compiling architecture lut5_v of entity unisim.LUT5 [\LUT5(init="01100101011010101001...]
Compiling architecture lut6_v of entity unisim.LUT6 [\LUT6(init="10101010101010111010...]
Compiling architecture lut6_v of entity unisim.LUT6 [\LUT6(init="10001110011100010111...]
Compiling architecture lut5_v of entity unisim.LUT5 [\LUT5(init="01101001100101100110...]
Compiling architecture lut6_v of entity unisim.LUT6 [\LUT6(init="00000000101110001111...]
Compiling architecture lut6_v of entity unisim.LUT6 [\LUT6(init="00010001000111011101...]
Compiling architecture lut3_v of entity unisim.LUT3 [\LUT3(init="11010100")(0,7)\]
Compiling architecture lut6_v of entity unisim.LUT6 [\LUT6(init="01110011001100011101...]
Compiling architecture lut3_v of entity unisim.LUT3 [\LUT3(init="10001110")(0,7)\]
Compiling architecture lut6_v of entity unisim.LUT6 [\LUT6(init="11010100001010110010...]
Compiling architecture lut6_v of entity unisim.LUT6 [\LUT6(init="11110000111100001110...]
Compiling architecture lut5_v of entity unisim.LUT5 [\LUT5(init="10111000111111111011...]
Compiling architecture lut6_v of entity unisim.LUT6 [\LUT6(init="01111000111000011110...]
Compiling architecture lut6_v of entity unisim.LUT6 [\LUT6(init="00110110100100110110...]
Compiling architecture lut5_v of entity unisim.LUT5 [\LUT5(init="01000000110101011101...]
Compiling architecture lut3_v of entity unisim.LUT3 [\LUT3(init="00000110")(0,7)\]
Compiling architecture lut6_v of entity unisim.LUT6 [\LUT6(init="00001111011110000111...]
Compiling architecture lut5_v of entity unisim.LUT5 [\LUT5(init="10010110011001100110...]
Compiling architecture lut5_v of entity unisim.LUT5 [\LUT5(init="10000111011110000111...]
Compiling architecture lut5_v of entity unisim.LUT5 [\LUT5(init="01000111101110001011...]
Compiling architecture lut5_v of entity unisim.LUT5 [\LUT5(init="11011111110101010100...]
Compiling architecture lut3_v of entity unisim.LUT3 [\LUT3(init="10010110")(0,7)\]
Compiling architecture lut3_v of entity unisim.LUT3 [\LUT3(init="11101000")(0,7)\]
Compiling architecture lut5_v of entity unisim.LUT5 [\LUT5(init="01010100010011110000...]
Compiling architecture lut4_v of entity unisim.LUT4 [\LUT4(init="0001110111100010")(0...]
Compiling architecture lut3_v of entity unisim.LUT3 [\LUT3(init="10111000")(0,7)\]
Compiling architecture lut4_v of entity unisim.LUT4 [\LUT4(init="1001101010010101")(0...]
Compiling architecture lut2_v of entity unisim.LUT2 [\LUT2(init="1001")(0,3)\]
Compiling architecture lut6_v of entity unisim.LUT6 [\LUT6(init="01100101011010101001...]
Compiling architecture lut3_v of entity unisim.LUT3 [\LUT3(init="00011101")(0,7)\]
Compiling architecture lut4_v of entity unisim.LUT4 [\LUT4(init="0010100100000001")(0...]
Compiling architecture lut4_v of entity unisim.LUT4 [\LUT4(init="0001011000000010")(0...]
Compiling architecture lut4_v of entity unisim.LUT4 [\LUT4(init="0000001000010110")(0...]
Compiling architecture lut5_v of entity unisim.LUT5 [\LUT5(init="11100001000011110111...]
Compiling architecture lut5_v of entity unisim.LUT5 [\LUT5(init="00000000111111110001...]
Compiling architecture lut5_v of entity unisim.LUT5 [\LUT5(init="01100110011010010110...]
Compiling architecture lut5_v of entity unisim.LUT5 [\LUT5(init="01101010010101101001...]
Compiling architecture lut4_v of entity unisim.LUT4 [\LUT4(init="0000000100100110")(0...]
Compiling architecture lut3_v of entity unisim.LUT3 [\LUT3(init="00000001")(0,7)\]
Compiling architecture lut5_v of entity unisim.LUT5 [\LUT5(init="01010101011010100101...]
Compiling architecture lut5_v of entity unisim.LUT5 [\LUT5(init="01101001100110010110...]
Compiling architecture lut3_v of entity unisim.LUT3 [\LUT3(init="00101010")(0,7)\]
Compiling architecture lut3_v of entity unisim.LUT3 [\LUT3(init="01111111")(0,7)\]
Compiling architecture lut3_v of entity unisim.LUT3 [\LUT3(init="10110100")(0,7)\]
Compiling architecture lut6_v of entity unisim.LUT6 [\LUT6(init="11011101110110110010...]
Compiling architecture lut5_v of entity unisim.LUT5 [\LUT5(init="10011010100101010110...]
Compiling architecture lut3_v of entity unisim.LUT3 [\LUT3(init="01101001")(0,7)\]
Compiling architecture lut5_v of entity unisim.LUT5 [\LUT5(init="10101010101111111010...]
Compiling architecture lut4_v of entity unisim.LUT4 [\LUT4(init="1111111010101000")(0...]
Compiling architecture lut3_v of entity unisim.LUT3 [\LUT3(init="10110010")(0,7)\]
Compiling architecture lut5_v of entity unisim.LUT5 [\LUT5(init="11101110111010000001...]
Compiling architecture lut6_v of entity unisim.LUT6 [\LUT6(init="00011110000111100001...]
Compiling architecture lut6_v of entity unisim.LUT6 [\LUT6(init="01001101101100101011...]
Compiling architecture lut6_v of entity unisim.LUT6 [\LUT6(init="00000011111100110000...]
Compiling architecture lut5_v of entity unisim.LUT5 [\LUT5(init="11111111101110111111...]
Compiling architecture lut3_v of entity unisim.LUT3 [\LUT3(init="11100010")(0,7)\]
Compiling architecture lut5_v of entity unisim.LUT5 [\LUT5(init="11001100101001010011...]
Compiling architecture lut6_v of entity unisim.LUT6 [\LUT6(init="11111110101011101010...]
Compiling architecture lut6_v of entity unisim.LUT6 [\LUT6(init="01100101011010101001...]
Compiling architecture lut5_v of entity unisim.LUT5 [\LUT5(init="10011001100101100110...]
Compiling architecture lut5_v of entity unisim.LUT5 [\LUT5(init="10111000011101001000...]
Compiling architecture lut5_v of entity unisim.LUT5 [\LUT5(init="00000000000001010011...]
Compiling architecture lut5_v of entity unisim.LUT5 [\LUT5(init="00000001000100011111...]
Compiling architecture lut5_v of entity unisim.LUT5 [\LUT5(init="11001000000011101000...]
Compiling architecture lut6_v of entity unisim.LUT6 [\LUT6(init="10100101100101100101...]
Compiling architecture lut6_v of entity unisim.LUT6 [\LUT6(init="01011010011010011010...]
Compiling architecture lut3_v of entity unisim.LUT3 [\LUT3(init="01110001")(0,7)\]
Compiling architecture lut3_v of entity unisim.LUT3 [\LUT3(init="00101011")(0,7)\]
Compiling architecture lut3_v of entity unisim.LUT3 [\LUT3(init="10000010")(0,7)\]
Compiling architecture lut5_v of entity unisim.LUT5 [\LUT5(init="11000011100101100011...]
Compiling architecture lut4_v of entity unisim.LUT4 [\LUT4(init="0101101001101001")(0...]
Compiling architecture lut6_v of entity unisim.LUT6 [\LUT6(init="10110010010011010100...]
Compiling architecture lut4_v of entity unisim.LUT4 [\LUT4(init="1110111011101000")(0...]
Compiling architecture lut4_v of entity unisim.LUT4 [\LUT4(init="1010100101010110")(0...]
Compiling architecture lut4_v of entity unisim.LUT4 [\LUT4(init="1000011101111000")(0...]
Compiling architecture lut6_v of entity unisim.LUT6 [\LUT6(init="11101110111000100010...]
Compiling architecture lut6_v of entity unisim.LUT6 [\LUT6(init="10101010101010001010...]
Compiling architecture lut6_v of entity unisim.LUT6 [\LUT6(init="10111000000000000100...]
Compiling architecture lut6_v of entity unisim.LUT6 [\LUT6(init="10111000111111111011...]
Compiling architecture lut6_v of entity unisim.LUT6 [\LUT6(init="10101010101111111010...]
Compiling architecture lut5_v of entity unisim.LUT5 [\LUT5(init="00010001000111011101...]
Compiling architecture lut5_v of entity unisim.LUT5 [\LUT5(init="01100101011010100000...]
Compiling architecture lut4_v of entity unisim.LUT4 [\LUT4(init="1110001000000000")(0...]
Compiling architecture lut5_v of entity unisim.LUT5 [\LUT5(init="11010111001010000010...]
Compiling architecture lut5_v of entity unisim.LUT5 [\LUT5(init="01111000100001111000...]
Compiling architecture lut6_v of entity unisim.LUT6 [\LUT6(init="10000111100010001000...]
Compiling architecture lut3_v of entity unisim.LUT3 [\LUT3(init="11010010")(0,7)\]
Compiling architecture lut3_v of entity unisim.LUT3 [\LUT3(init="00101101")(0,7)\]
Compiling architecture lut6_v of entity unisim.LUT6 [\LUT6(init="00000010000000100000...]
Compiling architecture lut4_v of entity unisim.LUT4 [\LUT4(init="1010100101011001")(0...]
Compiling architecture lut5_v of entity unisim.LUT5 [\LUT5(init="10111000010001111011...]
Compiling architecture lut1_v of entity unisim.LUT1 [\LUT1(init="0010")(0,3)\]
Compiling architecture lut4_v of entity unisim.LUT4 [\LUT4(init="0000001010100010")(0...]
Compiling architecture lut4_v of entity unisim.LUT4 [\LUT4(init="1010101111111011")(0...]
Compiling architecture lut3_v of entity unisim.LUT3 [\LUT3(init="01001011")(0,7)\]
Compiling architecture lut6_v of entity unisim.LUT6 [\LUT6(init="01000111000000001011...]
Compiling architecture lut6_v of entity unisim.LUT6 [\LUT6(init="00101101110100100010...]
Compiling architecture lut6_v of entity unisim.LUT6 [\LUT6(init="11111111010001110000...]
Compiling architecture lut6_v of entity unisim.LUT6 [\LUT6(init="01001011101101000100...]
Compiling architecture lut5_v of entity unisim.LUT5 [\LUT5(init="00000000111010000001...]
Compiling architecture lut4_v of entity unisim.LUT4 [\LUT4(init="1110001000011101")(0...]
Compiling architecture lut6_v of entity unisim.LUT6 [\LUT6(init="11111111111111111111...]
Compiling architecture lut6_v of entity unisim.LUT6 [\LUT6(init="01101001011010010110...]
Compiling architecture lut6_v of entity unisim.LUT6 [\LUT6(init="00001101010011110101...]
Compiling architecture lut6_v of entity unisim.LUT6 [\LUT6(init="11001100110000110011...]
Compiling architecture lut3_v of entity unisim.LUT3 [\LUT3(init="11111000")(0,7)\]
Compiling architecture lut4_v of entity unisim.LUT4 [\LUT4(init="0110010101101010")(0...]
Compiling architecture lut3_v of entity unisim.LUT3 [\LUT3(init="01111110")(0,7)\]
Compiling architecture lut3_v of entity unisim.LUT3 [\LUT3(init="01101100")(0,7)\]
Compiling architecture lut4_v of entity unisim.LUT4 [\LUT4(init="1001010110101001")(0...]
Compiling architecture lut3_v of entity unisim.LUT3 [\LUT3(init="01101010")(0,7)\]
Compiling architecture lut3_v of entity unisim.LUT3 [\LUT3(init="10010101")(0,7)\]
Compiling architecture lut5_v of entity unisim.LUT5 [\LUT5(init="11111111111010001110...]
Compiling architecture lut5_v of entity unisim.LUT5 [\LUT5(init="11101000100011101000...]
Compiling architecture lut6_v of entity unisim.LUT6 [\LUT6(init="11111000100000001000...]
Compiling architecture lut6_v of entity unisim.LUT6 [\LUT6(init="01101001100101101001...]
Compiling architecture lut5_v of entity unisim.LUT5 [\LUT5(init="11100010111111110000...]
Compiling architecture lut5_v of entity unisim.LUT5 [\LUT5(init="01100110011010011001...]
Compiling architecture lut6_v of entity unisim.LUT6 [\LUT6(init="00000001000100011111...]
Compiling architecture lut4_v of entity unisim.LUT4 [\LUT4(init="0101011100000001")(0...]
Compiling architecture lut5_v of entity unisim.LUT5 [\LUT5(init="01010110101010011010...]
Compiling architecture lut3_v of entity unisim.LUT3 [\LUT3(init="01001101")(0,7)\]
Compiling architecture lut6_v of entity unisim.LUT6 [\LUT6(init="00101011110101001101...]
Compiling architecture lut5_v of entity unisim.LUT5 [\LUT5(init="00001101010101000101...]
Compiling architecture lut6_v of entity unisim.LUT6 [\LUT6(init="00111100100100111100...]
Compiling architecture lut6_v of entity unisim.LUT6 [\LUT6(init="01000100010011011101...]
Compiling architecture lut6_v of entity unisim.LUT6 [\LUT6(init="00001100110011110000...]
Compiling architecture lut6_v of entity unisim.LUT6 [\LUT6(init="00011101000000001111...]
Compiling architecture lut5_v of entity unisim.LUT5 [\LUT5(init="01001101010001000100...]
Compiling architecture lut2_v of entity unisim.LUT2 [\LUT2(init="0111")(0,3)\]
Compiling architecture lut5_v of entity unisim.LUT5 [\LUT5(init="10110100110100100100...]
Compiling architecture lut6_v of entity unisim.LUT6 [\LUT6(init="10101001010110011010...]
Compiling architecture lut5_v of entity unisim.LUT5 [\LUT5(init="01001011010001000100...]
Compiling architecture lut5_v of entity unisim.LUT5 [\LUT5(init="10110010101110111011...]
Compiling architecture lut6_v of entity unisim.LUT6 [\LUT6(init="01000101010000001101...]
Compiling architecture lut2_v of entity unisim.LUT2 [\LUT2(init="0110")(0,3)\]
Compiling architecture lut6_v of entity unisim.LUT6 [\LUT6(init="10001110011100011000...]
Compiling architecture lut5_v of entity unisim.LUT5 [\LUT5(init="01000010101111011011...]
Compiling architecture lut6_v of entity unisim.LUT6 [\LUT6(init="10110010010011011011...]
Compiling architecture lut5_v of entity unisim.LUT5 [\LUT5(init="01001011001011011011...]
Compiling architecture lut4_v of entity unisim.LUT4 [\LUT4(init="0111101100100001")(0...]
Compiling architecture lut4_v of entity unisim.LUT4 [\LUT4(init="1001010101010110")(0...]
Compiling architecture lut4_v of entity unisim.LUT4 [\LUT4(init="0001011111101000")(0...]
Compiling architecture lut5_v of entity unisim.LUT5 [\LUT5(init="11111101110101010101...]
Compiling architecture lut6_v of entity unisim.LUT6 [\LUT6(init="11010101010000000100...]
Compiling architecture lut6_v of entity unisim.LUT6 [\LUT6(init="10010011001101100011...]
Compiling architecture lut6_v of entity unisim.LUT6 [\LUT6(init="01010111111101110000...]
Compiling architecture lut5_v of entity unisim.LUT5 [\LUT5(init="10010110011010010110...]
Compiling architecture lut4_v of entity unisim.LUT4 [\LUT4(init="0101011010100110")(0...]
Compiling architecture lut6_v of entity unisim.LUT6 [\LUT6(init="00000000111000101110...]
Compiling architecture lut5_v of entity unisim.LUT5 [\LUT5(init="11011011001001000010...]
Compiling architecture lut5_v of entity unisim.LUT5 [\LUT5(init="01101001011010010110...]
Compiling architecture lut4_v of entity unisim.LUT4 [\LUT4(init="0001101000000010")(0...]
Compiling architecture lut4_v of entity unisim.LUT4 [\LUT4(init="0000000100011010")(0...]
Compiling architecture lut5_v of entity unisim.LUT5 [\LUT5(init="10011010101001100110...]
Compiling architecture lut5_v of entity unisim.LUT5 [\LUT5(init="10101010101010011010...]
Compiling architecture lut5_v of entity unisim.LUT5 [\LUT5(init="11110000111100001101...]
Compiling architecture lut5_v of entity unisim.LUT5 [\LUT5(init="01101001100101101001...]
Compiling architecture lut6_v of entity unisim.LUT6 [\LUT6(init="01100110011010011001...]
Compiling architecture lut5_v of entity unisim.LUT5 [\LUT5(init="11101000111011101110...]
Compiling architecture lut6_v of entity unisim.LUT6 [\LUT6(init="10001000100011101110...]
Compiling architecture lut4_v of entity unisim.LUT4 [\LUT4(init="0101010000001101")(0...]
Compiling architecture lut4_v of entity unisim.LUT4 [\LUT4(init="1100000010001110")(0...]
Compiling architecture lut6_v of entity unisim.LUT6 [\LUT6(init="00110011110011000011...]
Compiling architecture lut5_v of entity unisim.LUT5 [\LUT5(init="11110000111000011110...]
Compiling architecture lut6_v of entity unisim.LUT6 [\LUT6(init="01010111101010001010...]
Compiling architecture lut6_v of entity unisim.LUT6 [\LUT6(init="10011001100101100110...]
Compiling architecture lut5_v of entity unisim.LUT5 [\LUT5(init="01101001011001100110...]
Compiling architecture lut5_v of entity unisim.LUT5 [\LUT5(init="11100010000111010001...]
Compiling architecture lut4_v of entity unisim.LUT4 [\LUT4(init="1110001011111111")(0...]
Compiling architecture lut5_v of entity unisim.LUT5 [\LUT5(init="10111101010000100100...]
Compiling architecture lut6_v of entity unisim.LUT6 [\LUT6(init="11100010000111011110...]
Compiling architecture lut6_v of entity unisim.LUT6 [\LUT6(init="11011111110101010010...]
Compiling architecture lut6_v of entity unisim.LUT6 [\LUT6(init="11101111111010101000...]
Compiling architecture lut6_v of entity unisim.LUT6 [\LUT6(init="11001100101001010011...]
Compiling architecture lut5_v of entity unisim.LUT5 [\LUT5(init="01001101110101001101...]
Compiling architecture lut6_v of entity unisim.LUT6 [\LUT6(init="00011111000001110111...]
Compiling architecture lut5_v of entity unisim.LUT5 [\LUT5(init="01010111010000110011...]
Compiling architecture lut6_v of entity unisim.LUT6 [\LUT6(init="11010101010101000100...]
Compiling architecture lut6_v of entity unisim.LUT6 [\LUT6(init="00110110011011001001...]
Compiling architecture lut6_v of entity unisim.LUT6 [\LUT6(init="11001100001101100011...]
Compiling architecture lut6_v of entity unisim.LUT6 [\LUT6(init="01001111000011011101...]
Compiling architecture lut5_v of entity unisim.LUT5 [\LUT5(init="10100101010110101001...]
Compiling architecture lut6_v of entity unisim.LUT6 [\LUT6(init="11111111111111111111...]
Compiling architecture lut4_v of entity unisim.LUT4 [\LUT4(init="1001011001101001")(0...]
Compiling architecture lut4_v of entity unisim.LUT4 [\LUT4(init="1110000110000111")(0...]
Compiling architecture lut6_v of entity unisim.LUT6 [\LUT6(init="00000000000000000000...]
Compiling architecture lut4_v of entity unisim.LUT4 [\LUT4(init="1111111111100000")(0...]
Compiling architecture lut6_v of entity unisim.LUT6 [\LUT6(init="00000000000000000000...]
Compiling architecture lut3_v of entity unisim.LUT3 [\LUT3(init="00110110")(0,7)\]
Compiling architecture lut3_v of entity unisim.LUT3 [\LUT3(init="11100001")(0,7)\]
Compiling architecture lut3_v of entity unisim.LUT3 [\LUT3(init="00010111")(0,7)\]
Compiling architecture lut4_v of entity unisim.LUT4 [\LUT4(init="1101001001001011")(0...]
Compiling architecture lut4_v of entity unisim.LUT4 [\LUT4(init="0010110111010010")(0...]
Compiling architecture lut5_v of entity unisim.LUT5 [\LUT5(init="00100010001010111101...]
Compiling architecture lut5_v of entity unisim.LUT5 [\LUT5(init="11010010101101000010...]
Compiling architecture lut3_v of entity unisim.LUT3 [\LUT3(init="01000111")(0,7)\]
Compiling architecture lut5_v of entity unisim.LUT5 [\LUT5(init="10111000010001110100...]
Compiling architecture lut5_v of entity unisim.LUT5 [\LUT5(init="01111110100000011000...]
Compiling architecture lut6_v of entity unisim.LUT6 [\LUT6(init="01000111100010110111...]
Compiling architecture lut4_v of entity unisim.LUT4 [\LUT4(init="0100101100101101")(0...]
Compiling architecture lut4_v of entity unisim.LUT4 [\LUT4(init="0110100110010110")(0...]
Compiling architecture lut4_v of entity unisim.LUT4 [\LUT4(init="0101011001101010")(0...]
Compiling architecture lut6_v of entity unisim.LUT6 [\LUT6(init="01110001100011101000...]
Compiling architecture lut5_v of entity unisim.LUT5 [\LUT5(init="10000001011111100111...]
Compiling architecture lut4_v of entity unisim.LUT4 [\LUT4(init="0001111011100001")(0...]
Compiling architecture lut6_v of entity unisim.LUT6 [\LUT6(init="00001000000010000000...]
Compiling architecture lut6_v of entity unisim.LUT6 [\LUT6(init="00011011000100010001...]
Compiling architecture lut6_v of entity unisim.LUT6 [\LUT6(init="10001010100000000111...]
Compiling architecture lut5_v of entity unisim.LUT5 [\LUT5(init="01101010011001100110...]
Compiling architecture lut5_v of entity unisim.LUT5 [\LUT5(init="00000010000000101010...]
Compiling architecture lut4_v of entity unisim.LUT4 [\LUT4(init="1111000000011010")(0...]
Compiling architecture lut4_v of entity unisim.LUT4 [\LUT4(init="0000000000000100")(0...]
Compiling architecture lut4_v of entity unisim.LUT4 [\LUT4(init="0000001110101000")(0...]
Compiling architecture lut5_v of entity unisim.LUT5 [\LUT5(init="11111111111111111111...]
Compiling architecture lut3_v of entity unisim.LUT3 [\LUT3(init="11111110")(0,7)\]
Compiling architecture lut3_v of entity unisim.LUT3 [\LUT3(init="01110000")(0,7)\]
Compiling architecture lut6_v of entity unisim.LUT6 [\LUT6(init="11111111111111111111...]
Compiling architecture structure of entity xil_defaultlib.uint16_seg_coder [uint16_seg_coder_default]
Compiling architecture obuf_v of entity unisim.OBUF [\OBUF(1,9)(1,7)(1,4)\]
Compiling architecture obuft_v of entity unisim.OBUFT [\OBUFT(1,9)(1,7)(1,4)\]
Compiling architecture bufg_v of entity unisim.BUFG [bufg_default]
Compiling architecture ibuf_v of entity unisim.IBUF [\IBUF(1,9)(1,1)(1,4)(1,7)\]
Compiling architecture lut3_v of entity unisim.LUT3 [\LUT3(init="00101000")(0,7)\]
Compiling architecture lut6_v of entity unisim.LUT6 [\LUT6(init="10010110011010010110...]
Compiling architecture lut4_v of entity unisim.LUT4 [\LUT4(init="1001011001100110")(0...]
Compiling architecture lut2_v of entity unisim.LUT2 [\LUT2(init="1011")(0,3)\]
Compiling architecture lut4_v of entity unisim.LUT4 [\LUT4(init="1011010001001011")(0...]
Compiling architecture lut5_v of entity unisim.LUT5 [\LUT5(init="01110001100011101000...]
Compiling architecture lut6_v of entity unisim.LUT6 [\LUT6(init="11100001100001111000...]
Compiling architecture lut6_v of entity unisim.LUT6 [\LUT6(init="00110111000100110101...]
Compiling architecture lut6_v of entity unisim.LUT6 [\LUT6(init="01101100001101100011...]
Compiling architecture lut5_v of entity unisim.LUT5 [\LUT5(init="10000000111110001111...]
Compiling architecture lut4_v of entity unisim.LUT4 [\LUT4(init="0111100010000111")(0...]
Compiling architecture lut4_v of entity unisim.LUT4 [\LUT4(init="1110000100011110")(0...]
Compiling architecture lut4_v of entity unisim.LUT4 [\LUT4(init="0100101110110100")(0...]
Compiling architecture structure of entity xil_defaultlib.main
Built simulation snapshot main_func_synth
